<?xml version="1.0" encoding="UTF-8"?>
<!-- Generated by org.testng.reporters.JUnitXMLReporter -->
<testsuite ignored="0" hostname="akilan-18633-gf" failures="0" tests="3" name="Test" time="0.152" errors="0" timestamp="2023-10-30T12:09:00 IST">
  <testcase classname="groupings.Test1" name="test_method1" time="0.02"/>
  <testcase classname="groupings.Test1" name="test_method2" time="0.004"/>
  <testcase classname="groupings.Test1" name="test_method3" time="0.002"/>
</testsuite> <!-- Test -->
